IQ-TREE multicore version 1.6.12 for Linux 64-bit built Mar 16 2020
Developed by Bui Quang Minh, Nguyen Lam Tung, Olga Chernomor,
Heiko Schmidt, Dominik Schrempf, Michael Woodhams.

Host:    tomasmasson-Lenovo-B50-80 (AVX2, FMA3, 7 GB RAM)
Command: iqtree -s sars-cov-2_aln.faa -alrt 1000 -nt 4
Seed:    858329 (Using SPRNG - Scalable Parallel Random Number Generator)
Time:    Thu Apr  9 03:03:36 2020
Kernel:  AVX+FMA - 4 threads (4 CPU cores detected)

Reading alignment file sars-cov-2_aln.faa ... Fasta format detected
Alignment most likely contains DNA/RNA sequences
WARNING: 289 sites contain only gaps or ambiguous characters.
Alignment has 375 sequences with 30288 columns, 1967 distinct patterns
145 parsimony-informative, 429 singleton sites, 29714 constant sites
             Gap/Ambiguity  Composition  p-value
   1  MT276598.1     1.38%    passed     99.89%
   2  MT276597.1     1.44%    passed     99.81%
   3  MT276331.1     1.34%    passed     99.99%
   4  MT276330.1     1.34%    passed     99.99%
   5  MT276329.1     1.34%    passed     99.99%
   6  MT276328.1     1.34%    passed     99.99%
   7  MT276327.1     1.34%    passed     99.99%
   8  MT276326.1     1.34%    passed     99.98%
   9  MT276325.1     1.34%    passed     99.98%
  10  MT276324.1     1.34%    passed     99.98%
  11  MT276323.1     1.34%    passed     99.99%
  12  MT263469.1     1.42%    passed     99.34%
  13  MT263468.1     1.31%    passed     99.99%
  14  MT263467.1     1.44%    passed     99.95%
  15  MT263466.1     2.84%    passed    100.00%
  16  MT263465.1     1.42%    passed     99.98%
  17  MT263464.1     1.51%    passed     99.71%
  18  MT263463.1     1.39%    passed     99.96%
  19  MT263462.1     1.73%    passed     99.75%
  20  MT263461.1     2.51%    passed     99.80%
  21  MT263460.1     2.94%    passed     98.23%
  22  MT263459.1     1.24%    passed     99.93%
  23  MT263458.1     1.35%    passed    100.00%
  24  MT263457.1     1.61%    passed     99.85%
  25  MT263456.1     1.71%    passed     99.90%
  26  MT263455.1     2.00%    passed     99.75%
  27  MT263454.1     1.52%    passed     99.83%
  28  MT263453.1     2.11%    passed     99.86%
  29  MT263452.1     1.51%    passed     99.62%
  30  MT263451.1     2.05%    passed     99.90%
  31  MT263450.1     1.48%    passed     99.80%
  32  MT263449.1     1.54%    passed     99.98%
  33  MT263448.1     1.56%    passed     99.99%
  34  MT263447.1     1.39%    passed     99.98%
  35  MT263446.1     1.38%    passed     99.94%
  36  MT263445.1     1.41%    passed     99.87%
  37  MT263444.1     1.43%    passed    100.00%
  38  MT263443.1     1.40%    passed     99.99%
  39  MT263442.1     1.56%    passed     99.97%
  40  MT263441.1     1.71%    passed     99.99%
  41  MT263440.1     1.40%    passed     99.78%
  42  MT263439.1     1.42%    passed     99.98%
  43  MT263438.1     1.37%    passed     99.98%
  44  MT263437.1     1.38%    passed     99.98%
  45  MT263436.1     1.49%    passed     99.95%
  46  MT263435.1     1.34%    passed    100.00%
  47  MT263434.1     1.64%    passed     99.70%
  48  MT263433.1     1.45%    passed     99.94%
  49  MT263432.1     1.40%    passed     99.90%
  50  MT263431.1     1.43%    passed     99.96%
  51  MT263430.1     1.49%    passed     99.94%
  52  MT263429.1     1.32%    passed     99.92%
  53  MT263428.1     1.70%    passed     99.82%
  54  MT263427.1     3.52%    passed     99.62%
  55  MT263426.1     2.00%    passed     98.15%
  56  MT263425.1     1.48%    passed     99.89%
  57  MT263424.1     1.51%    passed     99.98%
  58  MT263423.1     1.53%    passed     99.96%
  59  MT263422.1     1.51%    passed     99.88%
  60  MT263421.1     1.30%    passed     99.98%
  61  MT263420.1     1.50%    passed     99.74%
  62  MT263419.1     1.44%    passed     99.96%
  63  MT263418.1     1.38%    passed     99.98%
  64  MT263417.1     1.40%    passed    100.00%
  65  MT263416.1     1.56%    passed     99.71%
  66  MT263415.1     1.48%    passed     99.81%
  67  MT263414.1     1.51%    passed     99.94%
  68  MT263413.1     1.42%    passed     99.99%
  69  MT263412.1     1.54%    passed     99.98%
  70  MT263411.1     1.39%    passed     99.60%
  71  MT263410.1     1.38%    passed     99.99%
  72  MT263409.1     5.51%    passed     97.52%
  73  MT263408.1     1.58%    passed     99.73%
  74  MT263407.1     3.47%    passed     99.62%
  75  MT263406.1     1.32%    passed     99.82%
  76  MT263405.1     1.52%    passed     99.98%
  77  MT263404.1     1.39%    passed     99.99%
  78  MT263403.1     1.36%    passed     99.97%
  79  MT263402.1     1.47%    passed     99.90%
  80  MT263401.1     2.91%    passed     98.47%
  81  MT263400.1     1.48%    passed     99.94%
  82  MT263399.1     1.33%    passed     99.76%
  83  MT263398.1     1.66%    passed     99.91%
  84  MT263397.1     2.47%    passed     97.43%
  85  MT263396.1     1.27%    passed     99.98%
  86  MT263395.1     1.27%    passed     99.90%
  87  MT263394.1     1.95%    passed     99.80%
  88  MT263393.1     3.77%    passed     94.55%
  89  MT263392.1     1.47%    passed     99.83%
  90  MT263391.1     1.30%    passed     99.89%
  91  MT263390.1     1.77%    passed     99.83%
  92  MT263389.1     5.25%    passed     87.69%
  93  MT263388.1     1.87%    passed     99.88%
  94  MT263387.1     2.12%    passed     97.78%
  95  MT263386.1     1.79%    passed     99.98%
  96  MT263385.1     2.48%    passed     98.75%
  97  MT263384.1     1.82%    passed     99.99%
  98  MT263383.1     1.70%    passed     99.90%
  99  MT263382.1     1.57%    passed     99.92%
 100  MT263381.1     1.27%    passed     99.90%
 101  MT262916.1     1.34%    passed     99.99%
 102  MT262915.1     1.34%    passed     99.99%
 103  MT262914.1     1.34%    passed     99.99%
 104  MT262913.1     1.34%    passed     99.99%
 105  MT262912.1     1.34%    passed     99.99%
 106  MT262911.1     1.34%    passed     99.99%
 107  MT262910.1     1.34%    passed     99.99%
 108  MT262909.1     1.34%    passed     99.98%
 109  MT262908.1     1.34%    passed     99.98%
 110  MT262907.1     1.34%    passed     99.99%
 111  MT262906.1     1.34%    passed     99.98%
 112  MT262905.1     1.34%    passed     99.99%
 113  MT262904.1     1.34%    passed     99.98%
 114  MT262903.1     1.34%    passed     99.98%
 115  MT262902.1     1.34%    passed     99.98%
 116  MT262901.1     1.34%    passed     99.99%
 117  MT262900.1     1.34%    passed     99.99%
 118  MT262899.1     1.34%    passed     99.98%
 119  MT262898.1     1.34%    passed     99.98%
 120  MT262897.1     1.34%    passed     99.98%
 121  MT262896.1     1.34%    passed     99.98%
 122  MT263074.1     1.43%    passed     99.79%
 123  MT262993.1     1.49%    passed     99.91%
 124  MT259231.1     1.40%    passed     99.91%
 125  MT259230.1     1.39%    passed     99.92%
 126  MT259229.1     1.40%    passed     99.90%
 127  MT259228.1     1.41%    passed     99.89%
 128  MT259227.1     1.40%    passed     99.81%
 129  MT259226.1     1.39%    passed     99.90%
 130  MT246667.1     1.39%    passed     99.83%
 131  MT233526.1     1.46%    passed     99.82%
 132  MT259287.1     1.98%    passed     99.72%
 133  MT259286.1     1.42%    passed    100.00%
 134  MT259285.1     1.55%    passed    100.00%
 135  MT259284.1     3.18%    passed     99.91%
 136  MT259283.1     4.17%    passed     94.34%
 137  MT259282.1     1.56%    passed     99.75%
 138  MT259281.1     1.49%    passed     99.74%
 139  MT259280.1     2.16%    passed     99.31%
 140  MT259279.1     3.65%    passed     99.94%
 141  MT259278.1     1.30%    passed     99.97%
 142  MT259277.1     1.38%    passed     99.98%
 143  MT259276.1     1.58%    passed     99.94%
 144  MT259275.1     1.48%    passed     99.76%
 145  MT259274.1     1.73%    passed     99.98%
 146  MT259273.1     1.32%    passed     99.92%
 147  MT259272.1     4.23%    passed     98.92%
 148  MT259271.1     1.40%    passed     99.86%
 149  MT259270.1     4.55%    passed     98.67%
 150  MT259269.1     1.30%    passed    100.00%
 151  MT259268.1     1.75%    passed     99.86%
 152  MT259267.1     1.44%    passed     99.93%
 153  MT259266.1     1.69%    passed     99.79%
 154  MT259265.1     2.86%    passed     99.65%
 155  MT259264.1     1.49%    passed     99.68%
 156  MT259263.1     1.36%    passed     99.93%
 157  MT259262.1     2.27%    passed     99.90%
 158  MT259261.1     1.50%    passed     99.77%
 159  MT259260.1     1.38%    passed     99.98%
 160  MT259259.1     8.19%    passed     95.94%
 161  MT259258.1     2.09%    passed     97.71%
 162  MT259257.1     1.41%    passed    100.00%
 163  MT259256.1     1.50%    passed     99.58%
 164  MT259255.1     4.55%    passed     98.86%
 165  MT259254.1     1.32%    passed     99.96%
 166  MT259253.1     1.57%    passed     99.95%
 167  MT259252.1     1.64%    passed     99.78%
 168  MT259251.1     1.34%    passed     99.81%
 169  MT259250.1     2.03%    passed     99.89%
 170  MT259249.1     1.54%    passed     99.96%
 171  MT259248.1     1.35%    passed     99.99%
 172  MT259247.1     2.13%    passed     99.22%
 173  MT259246.1     1.47%    passed     99.90%
 174  MT259245.1     1.56%    passed     99.95%
 175  MT259244.1     1.40%    passed     99.99%
 176  MT259243.1     1.75%    passed     99.78%
 177  MT259242.1     4.20%    passed     90.50%
 178  MT259241.1     2.00%    passed     99.47%
 179  MT259240.1     2.46%    passed     99.96%
 180  MT259239.1     2.33%    passed     99.91%
 181  MT259238.1     9.91%    passed     92.75%
 182  MT259237.1     1.42%    passed    100.00%
 183  MT259236.1     1.34%    passed     99.95%
 184  MT259235.1     1.77%    passed     99.90%
 185  MT256918.1    14.36%    passed     95.99%
 186  MT256917.1    11.72%    passed     98.52%
 187  MT258383.1     1.33%    passed     99.94%
 188  MT258382.1     1.44%    passed     99.81%
 189  MT258381.1     1.29%    passed     99.95%
 190  MT258380.1     1.32%    passed     99.96%
 191  MT258379.1     1.31%    passed     99.85%
 192  MT258378.1     1.31%    passed     99.96%
 193  MT258377.1     1.33%    passed     99.93%
 194  MT256924.1     4.52%    passed     99.55%
 195  NC_045512.2    1.27%    passed     99.91%
 196  LC534419.1     1.37%    passed     99.97%
 197  LC534418.1     1.35%    passed     99.98%
 198  MT198652.2     1.67%    passed     99.87%
 199  MT253710.1     1.67%    passed     99.86%
 200  MT253709.1     1.67%    passed     99.86%
 201  MT253708.1     1.67%    passed     99.86%
 202  MT253707.1     1.67%    passed     99.86%
 203  MT253706.1     1.68%    passed     99.86%
 204  MT253705.1     1.67%    passed     99.86%
 205  MT253704.1     1.67%    passed     99.86%
 206  MT253703.1     1.67%    passed     99.86%
 207  MT253702.1     1.67%    passed     99.86%
 208  MT253701.1     1.67%    passed     99.86%
 209  MT253700.1     1.67%    passed     99.86%
 210  MT253699.1     1.67%    passed     99.86%
 211  MT253698.1     1.67%    passed     99.86%
 212  MT253697.1     1.67%    passed     99.86%
 213  MT253696.1     1.67%    passed     99.86%
 214  MT251980.1     1.49%    passed     99.98%
 215  MT251979.1     1.55%    passed     99.87%
 216  MT251978.1     1.27%    passed     99.94%
 217  MT251977.1     1.54%    passed     99.96%
 218  MT251976.1     1.28%    passed     99.96%
 219  MT251975.1     1.37%    passed     99.97%
 220  MT251974.1     1.44%    passed     99.93%
 221  MT251973.1     1.42%    passed     99.96%
 222  MT251972.1     1.46%    passed     99.99%
 223  MT246490.1     1.45%    passed     99.92%
 224  MT246489.1     1.40%    passed     99.71%
 225  MT246488.1     1.47%    passed     99.84%
 226  MT246487.1     1.34%    passed     99.98%
 227  MT246486.1     1.41%    passed    100.00%
 228  MT246485.1     1.81%    passed     99.46%
 229  MT246484.1     1.40%    passed     99.97%
 230  MT246483.1     2.61%    passed     99.98%
 231  MT246482.1     1.50%    passed     99.99%
 232  MT246481.1     1.38%    passed     99.97%
 233  MT246480.1     1.27%    passed     99.94%
 234  MT246479.1     1.54%    passed     99.98%
 235  MT246478.1     1.32%    passed     99.92%
 236  MT246477.1     1.33%    passed     99.81%
 237  MT246476.1     1.40%    passed     99.99%
 238  MT246475.1     1.37%    passed    100.00%
 239  MT246474.1     1.34%    passed    100.00%
 240  MT246473.1     1.58%    passed     99.97%
 241  MT246472.1     1.61%    passed     99.99%
 242  MT246471.1     1.38%    passed     99.99%
 243  MT246470.1     1.42%    passed     99.97%
 244  MT246469.1     1.39%    passed     99.97%
 245  MT246468.1     1.52%    passed     99.91%
 246  MT246467.1     1.28%    passed     99.97%
 247  MT246466.1     1.30%    passed     99.99%
 248  MT246465.1     2.70%    passed     99.63%
 249  MT246464.1     1.55%    passed     99.77%
 250  MT246463.1     2.04%    passed     99.53%
 251  MT246462.1     1.28%    passed     99.93%
 252  MT246461.1     1.36%    passed     99.97%
 253  MT246460.1     1.24%    passed     99.80%
 254  MT246459.1     1.27%    passed     99.84%
 255  MT246458.1     2.03%    passed     99.95%
 256  MT246457.1     1.47%    passed     99.97%
 257  MT246456.1     1.67%    passed     99.59%
 258  MT246455.1     1.43%    passed     99.97%
 259  MT246454.1     1.32%    passed     99.97%
 260  MT246453.1     1.55%    passed     99.98%
 261  MT246452.1     1.32%    passed    100.00%
 262  MT246451.1     1.41%    passed     99.82%
 263  MT246450.1     1.37%    passed     99.97%
 264  MT246449.1     1.56%    passed     99.98%
 265  MT240479.1     1.49%    passed     99.85%
 266  MT226610.1     1.28%    passed     98.80%
 267  MN985325.1     1.34%    passed     99.99%
 268  MT233523.1     1.67%    passed     99.89%
 269  MT233522.1     1.95%    passed     99.90%
 270  MT233521.1     2.60%    passed     99.63%
 271  MT233520.1     2.90%    passed     99.92%
 272  MT233519.1     1.68%    passed     99.88%
 273  MT020781.2     1.59%    passed     99.73%
 274  MT198653.1     2.97%    passed     99.16%
 275  MT198651.1     6.92%    passed     99.72%
 276  MT192773.1     1.31%    passed    100.00%
 277  MT192772.1     1.31%    passed     99.99%
 278  MT192765.1     1.52%    passed     99.79%
 279  MN996531.1     1.42%    passed     99.74%
 280  MN996530.1     1.43%    passed     99.75%
 281  MN996529.1     1.44%    passed     99.73%
 282  MN996528.1     1.31%    passed     99.99%
 283  MN996527.1     1.53%    passed     99.75%
 284  MN908947.3     1.27%    passed     99.91%
 285  MT192759.1     1.41%    passed     99.99%
 286  MT188341.1     1.50%    passed     99.94%
 287  MT188340.1     1.46%    passed     99.97%
 288  MT188339.1     1.67%    passed     99.84%
 289  MT123293.2     1.38%    passed     99.93%
 290  MT123292.2     1.21%    passed     99.87%
 291  MT123291.2     1.34%    passed     99.99%
 292  MT093631.2     1.41%    passed     99.86%
 293  MT184913.1     1.35%    passed    100.00%
 294  MT184912.1     1.34%    passed     99.98%
 295  MT184911.1     1.36%    passed     99.99%
 296  MT184910.1     1.34%    passed     99.97%
 297  MT184909.1     1.34%    passed     99.98%
 298  MT184908.1     1.35%    passed     99.96%
 299  MT184907.1     1.34%    passed     99.98%
 300  LC529905.1     1.27%    passed     99.94%
 301  MT163721.1     3.29%    passed     89.51%
 302  MT163720.1     1.84%    passed     99.91%
 303  MT163719.1     1.27%    passed     99.94%
 304  MT163718.1     1.27%    passed     99.99%
 305  MT163717.1     1.29%    passed     99.93%
 306  MT163716.1     1.27%    passed     99.85%
 307  LR757998.1     1.39%    passed     99.98%
 308  LR757997.1    36.40%    passed     33.76%
 309  LR757996.1     1.39%    passed     99.99%
 310  LR757995.1     1.37%    passed     99.98%
 311  MT159722.1     1.34%    passed     99.99%
 312  MT159721.1     1.34%    passed     99.98%
 313  MT159720.1     1.34%    passed     99.99%
 314  MT159719.1     1.34%    passed     99.98%
 315  MT159718.1     1.34%    passed     99.99%
 316  MT159717.1     1.34%    passed     99.99%
 317  MT159716.1     1.39%    passed     99.97%
 318  MT159715.1     1.34%    passed     99.98%
 319  MT159714.1     1.34%    passed     99.98%
 320  MT159713.1     1.34%    passed     99.98%
 321  MT159712.1     1.34%    passed     99.99%
 322  MT159711.1     1.34%    passed     99.98%
 323  MT159710.1     1.34%    passed     99.98%
 324  MT159709.1     1.34%    passed     99.99%
 325  MT159708.1     1.34%    passed     99.99%
 326  MT159707.1     1.34%    passed     99.98%
 327  MT159706.1     1.34%    passed     99.99%
 328  MT159705.1     1.34%    passed     99.99%
 329  MT121215.1     1.13%    passed     96.84%
 330  MT066156.1     1.39%    passed     99.83%
 331  MT050493.1     1.44%    passed     99.87%
 332  MT012098.1     1.43%    passed     99.81%
 333  MT152824.1     1.35%    passed     99.98%
 334  MT135044.1     1.27%    passed     99.90%
 335  MT135043.1     1.27%    passed     99.92%
 336  MT135042.1     1.27%    passed     99.90%
 337  MT135041.1     1.27%    passed     99.90%
 338  MT126808.1     1.36%    passed     99.94%
 339  LC528233.1     1.27%    passed     99.88%
 340  LC528232.1     1.27%    passed     99.99%
 341  MT123290.1     1.31%    passed     99.99%
 342  MT118835.1     1.34%    passed     99.99%
 343  MT106054.1     1.34%    passed     99.98%
 344  MT106053.1     1.34%    passed     99.98%
 345  MT106052.1     1.34%    passed     99.98%
 346  MT093571.1     1.33%    passed     99.98%
 347  MT072688.1     1.57%    passed     99.83%
 348  MT066176.1     1.38%    passed     99.84%
 349  MT066175.1     1.38%    passed     99.85%
 350  MT049951.1     1.27%    passed     99.86%
 351  MT044258.1     1.42%    passed     99.95%
 352  MT044257.1     1.34%    passed     99.98%
 353  MT039888.1     1.34%    passed     99.99%
 354  MT039887.1     1.35%    passed     99.98%
 355  MT039890.1     1.27%    passed     99.91%
 356  MT039873.1     1.50%    passed     99.82%
 357  MT027064.1     1.34%    passed     99.99%
 358  MT027063.1     1.34%    passed     99.99%
 359  MT027062.1     1.34%    passed     99.99%
 360  MT020881.1     1.34%    passed     99.99%
 361  MT020880.1     1.34%    passed     99.99%
 362  MT019533.1     1.34%    passed     99.98%
 363  MT019532.1     1.31%    passed     99.99%
 364  MT019531.1     1.28%    passed     99.94%
 365  MT019530.1     1.32%    passed     99.96%
 366  MT019529.1     1.28%    passed     99.96%
 367  MT007544.1     1.30%    passed     99.87%
 368  MN997409.1     1.34%    passed     99.99%
 369  MN994468.1     1.34%    passed     99.99%
 370  MN994467.1     1.34%    passed     99.97%
 371  MN988713.1     1.37%    passed    100.00%
 372  MN988669.1     1.34%    passed     99.98%
 373  MN988668.1     1.34%    passed     99.98%
 374  MN975262.1     1.31%    passed     99.99%
 375  MN938384.1     1.49%    passed     99.81%
****  TOTAL          1.81%  0 sequences failed composition chi2 test (p-value<5%; df=3)
NOTE: MT276329.1 is identical to MT276330.1 but kept for subsequent analysis
NOTE: MT276324.1 is identical to MT276325.1 but kept for subsequent analysis
NOTE: MT262914.1 is identical to MT262916.1 but kept for subsequent analysis
NOTE: MT262908.1 is identical to MT262909.1 but kept for subsequent analysis
NOTE: MN908947.3 is identical to NC_045512.2 but kept for subsequent analysis
NOTE: MT253709.1 is identical to MT253710.1 but kept for subsequent analysis
NOTE: MT020881.1 is identical to MN985325.1 but kept for subsequent analysis
NOTE: MT184907.1 is identical to MT184909.1 but kept for subsequent analysis
NOTE: MT135042.1 is identical to MT135044.1 but kept for subsequent analysis
NOTE: MT027062.1 is identical to MT027063.1 but kept for subsequent analysis
NOTE: MN988668.1 is identical to MN988669.1 but kept for subsequent analysis
NOTE: 35 identical sequences (see below) will be ignored for subsequent analysis
NOTE: MT262913.1 (identical to MT262916.1) is ignored but added at the end
NOTE: MT262912.1 (identical to MT262916.1) is ignored but added at the end
NOTE: MT262911.1 (identical to MT262916.1) is ignored but added at the end
NOTE: MT262910.1 (identical to MT262916.1) is ignored but added at the end
NOTE: MT262907.1 (identical to MT262916.1) is ignored but added at the end
NOTE: MT262905.1 (identical to MT262916.1) is ignored but added at the end
NOTE: MT262901.1 (identical to MT262916.1) is ignored but added at the end
NOTE: MT262900.1 (identical to MT262916.1) is ignored but added at the end
NOTE: MT262906.1 (identical to MT262909.1) is ignored but added at the end
NOTE: MT262904.1 (identical to MT262909.1) is ignored but added at the end
NOTE: MT262903.1 (identical to MT262909.1) is ignored but added at the end
NOTE: MT262902.1 (identical to MT262909.1) is ignored but added at the end
NOTE: MT262898.1 (identical to MT262909.1) is ignored but added at the end
NOTE: MT262897.1 (identical to MT262909.1) is ignored but added at the end
NOTE: MT262896.1 (identical to MT262909.1) is ignored but added at the end
NOTE: MT253708.1 (identical to MT253710.1) is ignored but added at the end
NOTE: MT253707.1 (identical to MT253710.1) is ignored but added at the end
NOTE: MT253705.1 (identical to MT253710.1) is ignored but added at the end
NOTE: MT253704.1 (identical to MT253710.1) is ignored but added at the end
NOTE: MT253703.1 (identical to MT253710.1) is ignored but added at the end
NOTE: MT253702.1 (identical to MT253710.1) is ignored but added at the end
NOTE: MT253701.1 (identical to MT253710.1) is ignored but added at the end
NOTE: MT253700.1 (identical to MT253710.1) is ignored but added at the end
NOTE: MT253699.1 (identical to MT253710.1) is ignored but added at the end
NOTE: MT253698.1 (identical to MT253710.1) is ignored but added at the end
NOTE: MT253697.1 (identical to MT253710.1) is ignored but added at the end
NOTE: MT253696.1 (identical to MT253710.1) is ignored but added at the end
NOTE: MT020880.1 (identical to MN985325.1) is ignored but added at the end
NOTE: MT159721.1 (identical to MT184909.1) is ignored but added at the end
NOTE: MT159719.1 (identical to MT184909.1) is ignored but added at the end
NOTE: MT159714.1 (identical to MT184909.1) is ignored but added at the end
NOTE: MT159713.1 (identical to MT184909.1) is ignored but added at the end
NOTE: MT159711.1 (identical to MT184909.1) is ignored but added at the end
NOTE: MT159710.1 (identical to MT184909.1) is ignored but added at the end
NOTE: MT135041.1 (identical to MT135044.1) is ignored but added at the end

For your convenience alignment with unique sequences printed to sars-cov-2_aln.faa.uniqueseq.phy


Create initial parsimony tree by phylogenetic likelihood library (PLL)... 0.084 seconds
NOTE: ModelFinder requires 217 MB RAM!
ModelFinder will test 286 DNA models (sample size: 30288) ...
 No. Model         -LnL         df  AIC          AICc         BIC
  1  JC            49669.663    677 100693.326   100724.330   106324.955
  2  JC+I          49300.487    678 99956.973    99988.069    105596.921
  3  JC+G4         49464.817    678 100285.634   100316.730   105925.581
  4  JC+I+G4       49312.187    679 99982.375    100013.564   105630.641
  5  JC+R2         49274.599    679 99907.199    99938.388    105555.465
  6  JC+R3         49188.722    681 99739.443    99770.818    105404.346
  7  JC+R4         49186.434    683 99738.867    99770.429    105420.408
 14  F81+F         48704.724    680 98769.448    98800.730    104426.033
 15  F81+F+I       48346.856    681 98055.712    98087.087    103720.615
 16  F81+F+G4      48501.338    681 98364.675    98396.050    104029.578
 17  F81+F+I+G4    48360.176    682 98084.352    98115.820    103757.574
 18  F81+F+R2      48251.167    682 97866.335    97897.803    103539.556
 19  F81+F+R3      48242.940    684 97853.881    97885.535    103543.739
 27  K2P           49560.316    678 100476.633   100507.729   106116.580
 28  K2P+I         49191.172    679 99740.344    99771.533    105388.610
 29  K2P+G4        49355.770    679 100069.540   100100.729   105717.806
 30  K2P+I+G4      49207.508    680 99775.015    99806.297    105431.600
 31  K2P+R2        49099.369    680 99558.738    99590.020    105215.323
 32  K2P+R3        49088.548    682 99541.096    99572.564    105214.318
 33  K2P+R4        49088.363    684 99544.725    99576.380    105234.584
 40  HKY+F         48597.807    681 98557.613    98588.988    104222.516
 41  HKY+F+I       48247.529    682 97859.058    97890.526    103532.280
 42  HKY+F+G4      48395.406    682 98154.812    98186.280    103828.034
 43  HKY+F+I+G4    48253.922    683 97873.844    97905.405    103555.384
 44  HKY+F+R2      48145.886    683 97657.772    97689.333    103339.312
 45  HKY+F+R3      48136.678    685 97643.355    97675.104    103341.532
 53  TNe           49545.241    679 100448.483   100479.672   106096.749
 54  TNe+I         49175.505    680 99711.009    99742.291    105367.594
 55  TNe+G4        49340.188    680 100040.375   100071.657   105696.960
 56  TNe+I+G4      49186.544    681 99735.088    99766.463    105399.991
 57  TNe+R2        49080.288    681 99522.575    99553.950    105187.478
 58  TNe+R3        49066.883    683 99499.765    99531.327    105181.306
 59  TNe+R4        49066.624    685 99503.247    99534.996    105201.424
 66  TN+F          48581.175    682 98526.350    98557.818    104199.571
 67  TN+F+I        48233.299    683 97832.598    97864.159    103514.138
 68  TN+F+G4       48379.163    683 98124.325    98155.887    103805.865
 69  TN+F+I+G4     48213.126    684 97794.252    97825.907    103484.111
 70  TN+F+R2       48122.690    684 97613.380    97645.035    103303.238
 71  TN+F+R3       48111.261    686 97594.522    97626.364    103301.018
 72  TN+F+R4       48111.155    688 97598.311    97630.341    103321.444
 79  K3P           49555.270    679 100468.540   100499.729   106116.806
 80  K3P+I         49185.572    680 99731.144    99762.425    105387.728
 81  K3P+G4        49350.246    680 100060.493   100091.775   105717.077
 82  K3P+I+G4      49174.011    681 99710.022    99741.397    105374.925
 83  K3P+R2        49092.656    681 99547.311    99578.686    105212.215
 84  K3P+R3        49081.687    683 99529.375    99560.936    105210.915
 85  K3P+R4        49081.470    685 99532.940    99564.689    105231.117
 92  K3Pu+F        48588.787    682 98541.573    98573.041    104214.795
 93  K3Pu+F+I      48240.435    683 97846.869    97878.431    103528.409
 94  K3Pu+F+G4     48386.489    683 98138.977    98170.539    103820.518
 95  K3Pu+F+I+G4   48223.609    684 97815.218    97846.873    103505.076
 96  K3Pu+F+R2     48137.506    684 97643.011    97674.666    103332.870
 97  K3Pu+F+R3     48127.944    686 97627.888    97659.730    103334.383
105  TPM2+F        48585.273    682 98534.546    98566.014    104207.768
106  TPM2+F+I      48238.815    683 97843.629    97875.191    103525.170
107  TPM2+F+G4     48383.524    683 98133.047    98164.609    103814.587
108  TPM2+F+I+G4   48221.993    684 97811.986    97843.641    103501.845
109  TPM2+F+R2     48135.205    684 97638.409    97670.064    103328.268
110  TPM2+F+R3     48125.866    686 97623.733    97655.575    103330.228
118  TPM2u+F       48585.203    682 98534.405    98565.873    104207.627
119  TPM2u+F+I     48238.808    683 97843.616    97875.178    103525.156
120  TPM2u+F+G4    48383.480    683 98132.961    98164.522    103814.501
121  TPM2u+F+I+G4  48221.752    684 97811.504    97843.159    103501.362
122  TPM2u+F+R2    48135.190    684 97638.380    97670.035    103328.239
123  TPM2u+F+R3    48126.087    686 97624.174    97656.016    103330.669
131  TPM3+F        48591.863    682 98547.727    98579.195    104220.949
132  TPM3+F+I      48237.129    683 97840.259    97871.820    103521.799
133  TPM3+F+G4     48389.310    683 98144.620    98176.182    103826.161
134  TPM3+F+I+G4   48221.630    684 97811.259    97842.914    103501.118
135  TPM3+F+R2     48138.278    684 97644.557    97676.211    103334.415
136  TPM3+F+R3     48129.097    686 97630.193    97662.036    103336.689
144  TPM3u+F       48591.840    682 98547.680    98579.148    104220.902
145  TPM3u+F+I     48237.095    683 97840.190    97871.751    103521.730
146  TPM3u+F+G4    48389.312    683 98144.624    98176.186    103826.165
147  TPM3u+F+I+G4  48221.447    684 97810.894    97842.549    103500.753
148  TPM3u+F+R2    48138.344    684 97644.688    97676.343    103334.546
149  TPM3u+F+R3    48129.243    686 97630.487    97662.329    103336.983
157  TIMe          49538.660    680 100437.320   100468.602   106093.905
158  TIMe+I        49169.141    681 99700.282    99731.657    105365.185
159  TIMe+G4       49333.669    681 100029.338   100060.713   105694.241
160  TIMe+I+G4     49154.724    682 99673.448    99704.916    105346.670
161  TIMe+R2       49073.485    682 99510.970    99542.438    105184.191
162  TIMe+R3       49062.675    684 99493.350    99525.005    105183.208
163  TIMe+R4       49060.927    686 99493.855    99525.697    105200.351
170  TIM+F         48571.911    683 98509.822    98541.383    104191.362
171  TIM+F+I       48225.139    684 97818.277    97849.932    103508.136
172  TIM+F+G4      48369.516    684 98107.032    98138.687    103796.891
173  TIM+F+I+G4    48205.203    685 97780.405    97812.154    103478.583
174  TIM+F+R2      48118.418    685 97606.836    97638.585    103305.014
175  TIM+F+R3      48108.765    687 97591.531    97623.467    103306.345
183  TIM2e         49539.137    680 100438.274   100469.556   106094.859
184  TIM2e+I       49171.773    681 99705.545    99736.920    105370.448
185  TIM2e+G4      49334.469    681 100030.938   100062.313   105695.841
186  TIM2e+I+G4    49156.030    682 99676.059    99707.527    105349.281
187  TIM2e+R2      49075.728    682 99515.455    99546.923    105188.677
188  TIM2e+R3      49065.578    684 99499.157    99530.812    105189.015
196  TIM2+F        48568.838    683 98503.677    98535.238    104185.217
197  TIM2+F+I      48224.001    684 97816.002    97847.657    103505.861
198  TIM2+F+G4     48366.869    684 98101.738    98133.393    103791.596
199  TIM2+F+I+G4   48203.440    685 97776.879    97808.628    103475.056
200  TIM2+F+R2     48116.836    685 97603.672    97635.421    103301.849
201  TIM2+F+R3     48108.030    687 97590.061    97621.997    103304.875
209  TIM3e         49532.673    680 100425.346   100456.628   106081.931
210  TIM3e+I       49148.775    681 99659.549    99690.924    105324.453
211  TIM3e+G4      49325.851    681 100013.701   100045.076   105678.604
212  TIM3e+I+G4    49134.209    682 99632.418    99663.886    105305.640
213  TIM3e+R2      49060.102    682 99484.204    99515.673    105157.426
214  TIM3e+R3      49050.424    684 99468.848    99500.503    105158.707
222  TIM3+F        48575.910    683 98517.820    98549.381    104199.360
223  TIM3+F+I      48222.635    684 97813.271    97844.926    103503.130
224  TIM3+F+G4     48372.863    684 98113.725    98145.380    103803.584
225  TIM3+F+I+G4   48202.774    685 97775.548    97807.296    103473.725
226  TIM3+F+R2     48119.952    685 97609.903    97641.652    103308.080
227  TIM3+F+R3     48111.944    687 97597.889    97629.825    103312.703
235  TVMe          49543.860    681 100449.719   100481.094   106114.622
236  TVMe+I        49162.572    682 99689.143    99720.611    105362.365
237  TVMe+G4       49337.783    682 100039.566   100071.035   105712.788
238  TVMe+I+G4     49147.567    683 99661.133    99692.694    105342.673
239  TVMe+R2       49075.040    683 99516.080    99547.642    105197.620
240  TVMe+R3       49066.598    685 99503.197    99534.945    105201.374
248  TVM+F         48580.522    684 98529.044    98560.699    104218.903
249  TVM+F+I       48229.373    685 97828.746    97860.494    103526.923
250  TVM+F+G4      48378.185    685 98126.369    98158.118    103824.547
251  TVM+F+I+G4    48209.743    686 97791.487    97823.329    103497.982
252  TVM+F+R2      48128.580    686 97629.161    97661.003    103335.657
253  TVM+F+R3      48121.915    688 97619.830    97651.860    103342.962
261  SYM           49527.418    682 100418.835   100450.303   106092.057
262  SYM+I         49145.446    683 99656.893    99688.454    105338.433
263  SYM+G4        49321.131    683 100008.263   100039.824   105689.803
264  SYM+I+G4      49129.536    684 99627.073    99658.728    105316.931
265  SYM+R2        49056.107    684 99480.215    99511.870    105170.074
266  SYM+R3        49047.826    686 99467.653    99499.495    105174.149
274  GTR+F         48563.935    685 98497.870    98529.619    104196.047
275  GTR+F+I       48214.739    686 97801.477    97833.319    103507.973
276  GTR+F+G4      48361.508    686 98095.017    98126.859    103801.512
277  GTR+F+I+G4    48193.544    687 97761.088    97793.024    103475.902
278  GTR+F+R2      48110.382    687 97594.764    97626.700    103309.578
279  GTR+F+R3      48103.692    689 97585.383    97617.508    103316.835
Akaike Information Criterion:           GTR+F+R3
Corrected Akaike Information Criterion: GTR+F+R3
Bayesian Information Criterion:         TN+F+R3
Best-fit model: TN+F+R3 chosen according to BIC

All model information printed to sars-cov-2_aln.faa.model.gz
CPU time for ModelFinder: 1849.232 seconds (0h:30m:49s)
Wall-clock time for ModelFinder: 507.230 seconds (0h:8m:27s)

NOTE: 65 MB RAM (0 GB) is required!
Estimate model parameters (epsilon = 0.100)
1. Initial log-likelihood: -48610.838
2. Current log-likelihood: -48482.456
3. Current log-likelihood: -48479.913
4. Current log-likelihood: -48477.304
5. Current log-likelihood: -48474.580
6. Current log-likelihood: -48471.733
7. Current log-likelihood: -48468.756
8. Current log-likelihood: -48465.639
9. Current log-likelihood: -48462.372
10. Current log-likelihood: -48458.945
11. Current log-likelihood: -48455.346
12. Current log-likelihood: -48451.562
13. Current log-likelihood: -48447.580
14. Current log-likelihood: -48443.384
15. Current log-likelihood: -48438.956
16. Current log-likelihood: -48434.277
17. Current log-likelihood: -48429.328
18. Current log-likelihood: -48424.084
19. Current log-likelihood: -48418.520
20. Current log-likelihood: -48412.609
21. Current log-likelihood: -48406.315
22. Current log-likelihood: -48399.605
23. Current log-likelihood: -48392.440
24. Current log-likelihood: -48384.777
25. Current log-likelihood: -48376.568
26. Current log-likelihood: -48367.762
27. Current log-likelihood: -48358.304
28. Current log-likelihood: -48348.126
29. Current log-likelihood: -48337.176
30. Current log-likelihood: -48325.450
31. Current log-likelihood: -48312.864
32. Current log-likelihood: -48299.403
33. Current log-likelihood: -48285.097
34. Current log-likelihood: -48270.050
35. Current log-likelihood: -48254.478
36. Current log-likelihood: -48238.746
37. Current log-likelihood: -48223.386
38. Current log-likelihood: -48209.073
39. Current log-likelihood: -48196.455
40. Current log-likelihood: -48185.976
41. Current log-likelihood: -48177.635
42. Current log-likelihood: -48169.131
43. Current log-likelihood: -48158.940
44. Current log-likelihood: -48146.767
45. Current log-likelihood: -48132.875
46. Current log-likelihood: -48124.736
47. Current log-likelihood: -48124.297
Optimal log-likelihood: -48124.276
Rate parameters:  A-C: 1.00000  A-G: 2.02622  A-T: 1.00000  C-G: 1.00000  C-T: 4.01107  G-T: 1.00000
Base frequencies:  A: 0.299  C: 0.184  G: 0.196  T: 0.321
Site proportion and rates:  (0.609,0.331) (0.386,1.150) (0.005,78.205)
Parameters optimization took 47 rounds (55.276 sec)
Computing ML distances based on estimated model parameters... 5.063 sec
Computing BIONJ tree...
0.139 seconds
Log-likelihood of BIONJ tree: -48407.695
--------------------------------------------------------------------
|             INITIALIZING CANDIDATE TREE SET                      |
--------------------------------------------------------------------
Generating 98 parsimony trees... 7.462 second
Computing log-likelihood of 98 initial trees ... 20.201 seconds
Current best score: -48081.478

Do NNI search on 20 best initial trees
Estimate model parameters (epsilon = 0.100)
BETTER TREE FOUND at iteration 1: -48063.546
Iteration 10 / LogL: -48100.425 / Time: 0h:2m:31s
Iteration 20 / LogL: -48100.186 / Time: 0h:3m:36s
Finish initializing candidate tree set (20)
Current best tree score: -48063.546 / CPU time: 159.591
Number of iterations: 20
--------------------------------------------------------------------
|               OPTIMIZING CANDIDATE TREE SET                      |
--------------------------------------------------------------------
Iteration 30 / LogL: -48071.124 / Time: 0h:4m:9s (0h:10m:10s left)
Iteration 40 / LogL: -48066.300 / Time: 0h:4m:41s (0h:7m:20s left)
Iteration 50 / LogL: -48068.532 / Time: 0h:5m:12s (0h:5m:25s left)
Iteration 60 / LogL: -48074.462 / Time: 0h:5m:43s (0h:3m:58s left)
Iteration 70 / LogL: -48064.562 / Time: 0h:6m:18s (0h:2m:50s left)
Estimate model parameters (epsilon = 0.100)
BETTER TREE FOUND at iteration 80: -48056.069
Iteration 80 / LogL: -48056.069 / Time: 0h:6m:51s (0h:8m:41s left)
Iteration 90 / LogL: -48077.562 / Time: 0h:7m:21s (0h:7m:26s left)
Iteration 100 / LogL: -48065.396 / Time: 0h:7m:49s (0h:6m:19s left)
Iteration 110 / LogL: -48065.257 / Time: 0h:8m:19s (0h:5m:20s left)
Iteration 120 / LogL: -48096.861 / Time: 0h:8m:50s (0h:4m:27s left)
Iteration 130 / LogL: -48073.053 / Time: 0h:9m:22s (0h:3m:37s left)
Estimate model parameters (epsilon = 0.100)
BETTER TREE FOUND at iteration 139: -48053.511
Iteration 140 / LogL: -48054.383 / Time: 0h:9m:55s (0h:7m:4s left)
Iteration 150 / LogL: -48054.812 / Time: 0h:10m:28s (0h:6m:15s left)
Iteration 160 / LogL: -48085.264 / Time: 0h:10m:59s (0h:5m:27s left)
Iteration 170 / LogL: -48073.021 / Time: 0h:11m:34s (0h:4m:43s left)
Iteration 180 / LogL: -48093.454 / Time: 0h:12m:3s (0h:3m:58s left)
Iteration 190 / LogL: -48054.997 / Time: 0h:12m:31s (0h:3m:14s left)
Iteration 200 / LogL: -48061.361 / Time: 0h:12m:58s (0h:2m:32s left)
Iteration 210 / LogL: -48058.668 / Time: 0h:13m:31s (0h:1m:52s left)
Iteration 220 / LogL: -48053.752 / Time: 0h:14m:3s (0h:1m:13s left)
Iteration 230 / LogL: -48086.668 / Time: 0h:14m:32s (0h:0m:34s left)
Iteration 240 / LogL: -48053.929 / Time: 0h:14m:59s (0h:0m:-4s left)
TREE SEARCH COMPLETED AFTER 240 ITERATIONS / Time: 0h:14m:59s

--------------------------------------------------------------------
|                    FINALIZING TREE SEARCH                        |
--------------------------------------------------------------------
Performs final model parameters optimization
Estimate model parameters (epsilon = 0.010)
1. Initial log-likelihood: -48053.511
2. Current log-likelihood: -48052.495
3. Current log-likelihood: -48052.049
4. Current log-likelihood: -48052.025
5. Current log-likelihood: -48052.003
6. Current log-likelihood: -48051.984
7. Current log-likelihood: -48051.965
8. Current log-likelihood: -48051.948
9. Current log-likelihood: -48051.930
10. Current log-likelihood: -48051.913
11. Current log-likelihood: -48051.895
12. Current log-likelihood: -48051.878
13. Current log-likelihood: -48051.861
14. Current log-likelihood: -48051.844
15. Current log-likelihood: -48051.827
16. Current log-likelihood: -48051.809
17. Current log-likelihood: -48051.793
18. Current log-likelihood: -48051.776
19. Current log-likelihood: -48051.759
20. Current log-likelihood: -48051.741
21. Current log-likelihood: -48051.724
22. Current log-likelihood: -48051.708
23. Current log-likelihood: -48051.691
24. Current log-likelihood: -48051.675
25. Current log-likelihood: -48051.659
26. Current log-likelihood: -48051.644
27. Current log-likelihood: -48051.628
28. Current log-likelihood: -48051.612
29. Current log-likelihood: -48051.594
30. Current log-likelihood: -48051.577
31. Current log-likelihood: -48051.560
32. Current log-likelihood: -48051.544
33. Current log-likelihood: -48051.528
34. Current log-likelihood: -48051.510
35. Current log-likelihood: -48051.494
36. Current log-likelihood: -48051.474
37. Current log-likelihood: -48051.453
38. Current log-likelihood: -48051.433
39. Current log-likelihood: -48051.414
40. Current log-likelihood: -48051.396
41. Current log-likelihood: -48051.380
42. Current log-likelihood: -48051.361
43. Current log-likelihood: -48051.342
44. Current log-likelihood: -48051.325
45. Current log-likelihood: -48051.306
46. Current log-likelihood: -48051.285
47. Current log-likelihood: -48051.264
48. Current log-likelihood: -48051.243
49. Current log-likelihood: -48051.220
50. Current log-likelihood: -48051.199
51. Current log-likelihood: -48051.178
52. Current log-likelihood: -48051.162
53. Current log-likelihood: -48051.144
54. Current log-likelihood: -48051.127
55. Current log-likelihood: -48051.111
56. Current log-likelihood: -48051.095
57. Current log-likelihood: -48051.079
58. Current log-likelihood: -48051.064
59. Current log-likelihood: -48051.048
60. Current log-likelihood: -48051.032
61. Current log-likelihood: -48051.017
62. Current log-likelihood: -48051.001
63. Current log-likelihood: -48050.985
64. Current log-likelihood: -48050.968
65. Current log-likelihood: -48050.952
66. Current log-likelihood: -48050.936
67. Current log-likelihood: -48050.920
68. Current log-likelihood: -48050.903
69. Current log-likelihood: -48050.888
70. Current log-likelihood: -48050.872
71. Current log-likelihood: -48050.857
72. Current log-likelihood: -48050.842
73. Current log-likelihood: -48050.827
74. Current log-likelihood: -48050.812
75. Current log-likelihood: -48050.796
76. Current log-likelihood: -48050.781
77. Current log-likelihood: -48050.766
78. Current log-likelihood: -48050.751
79. Current log-likelihood: -48050.736
80. Current log-likelihood: -48050.721
81. Current log-likelihood: -48050.705
82. Current log-likelihood: -48050.689
83. Current log-likelihood: -48050.673
84. Current log-likelihood: -48050.658
85. Current log-likelihood: -48050.642
86. Current log-likelihood: -48050.627
87. Current log-likelihood: -48050.612
88. Current log-likelihood: -48050.597
89. Current log-likelihood: -48050.583
90. Current log-likelihood: -48050.568
91. Current log-likelihood: -48050.553
92. Current log-likelihood: -48050.539
93. Current log-likelihood: -48050.524
94. Current log-likelihood: -48050.510
95. Current log-likelihood: -48050.493
96. Current log-likelihood: -48050.479
97. Current log-likelihood: -48050.465
98. Current log-likelihood: -48050.448
99. Current log-likelihood: -48050.431
Optimal log-likelihood: -48050.431
Rate parameters:  A-C: 1.00000  A-G: 1.94876  A-T: 1.00000  C-G: 1.00000  C-T: 4.09485  G-T: 1.00000
Base frequencies:  A: 0.299  C: 0.184  G: 0.196  T: 0.321
Site proportion and rates:  (0.679,0.510) (0.319,1.044) (0.003,120.528)
Parameters optimization took 99 rounds (99.895 sec)
BEST SCORE FOUND : -48050.431

Testing tree branches by SH-like aLRT with 1000 replicates...
Alternative NNI shows better log-likelihood -48050.430 > -48050.431
22.066 sec.
Total tree length: 0.027

Total number of iterations: 240
CPU time used for tree search: 3182.690 sec (0h:53m:2s)
Wall-clock time used for tree search: 842.411 sec (0h:14m:2s)
Total CPU time used: 3844.107 sec (1h:4m:4s)
Total wall-clock time used: 1021.719 sec (0h:17m:1s)

Analysis results written to: 
  IQ-TREE report:                sars-cov-2_aln.faa.iqtree
  Maximum-likelihood tree:       sars-cov-2_aln.faa.treefile
  Likelihood distances:          sars-cov-2_aln.faa.mldist
  Screen log file:               sars-cov-2_aln.faa.log

Date and Time: Thu Apr  9 03:29:07 2020
